<?xml version="1.0" encoding="UTF-8"?>
<!-- Generated by org.testng.reporters.JUnitXMLReporter -->
<testsuite ignored="3" hostname="LAPTOP-6UNA8P7R" failures="0" tests="8" name="Car Loan" time="0.775" errors="0" timestamp="2023-12-12T18:36:08 EST">
  <testcase classname="org.TestNgProjects.testDemo3" name="WebloginCarLoan" time="0.125"/>
  <testcase classname="org.TestNgProjects.testDemo3" name="WebloginCarLoan2" time="0.002"/>
  <testcase classname="org.TestNgProjects.testDemo3" name="WebloginCarLoan2" time="0.004"/>
  <testcase classname="org.TestNgProjects.testDemo3" name="WebloginCarLoan2" time="0.002"/>
  <testcase classname="org.TestNgProjects.testDemo4" name="LoginAPiHomeLoan" time="0.001"/>
  <testcase classname="org.TestNgProjects.testDemo4" name="MobileloginHomeLoan" time="0.001"/>
  <testcase classname="org.TestNgProjects.testDemo4" name="WebloginHomeLoan" time="0.002"/>
  <testcase classname="org.TestNgProjects.testDemo3" name="LoginAPiCarLoan" time="0.001"/>
  <testcase classname="org.TestNgProjects.testDemo3" name="MobileloginCarLoan" time="0.0">
    <ignored/>
  </testcase> <!-- MobileloginCarLoan -->
  <testcase classname="org.TestNgProjects.testDemo3" name="MobileloginCarLoan2" time="0.0">
    <ignored/>
  </testcase> <!-- MobileloginCarLoan2 -->
  <testcase classname="org.TestNgProjects.testDemo3" name="MobileloginCarLoan3" time="0.0">
    <ignored/>
  </testcase> <!-- MobileloginCarLoan3 -->
</testsuite> <!-- Car Loan -->
