<?xml version="1.0" encoding="UTF-8"?>
<!-- Generated by org.testng.reporters.JUnitXMLReporter -->
<testsuite ignored="1" hostname="LAPTOP-6UNA8P7R" failures="0" tests="7" name="Default test" time="0.177" errors="0" timestamp="2023-12-12T20:54:03 EST">
  <testcase classname="org.TestNgProjects.testDemo3" name="WebloginCarLoan" time="0.011"/>
  <testcase classname="org.TestNgProjects.testDemo3" name="WebloginCarLoan2" time="0.004"/>
  <testcase classname="org.TestNgProjects.testDemo3" name="WebloginCarLoan2" time="0.003"/>
  <testcase classname="org.TestNgProjects.testDemo3" name="WebloginCarLoan2" time="0.004"/>
  <testcase classname="org.TestNgProjects.testDemo3" name="MobileloginCarLoan" time="0.001"/>
  <testcase classname="org.TestNgProjects.testDemo3" name="MobileloginCarLoan2" time="0.026"/>
  <testcase classname="org.TestNgProjects.testDemo3" name="LoginAPiCarLoan" time="0.003"/>
  <testcase classname="org.TestNgProjects.testDemo3" name="MobileloginCarLoan3" time="0.0">
    <ignored/>
  </testcase> <!-- MobileloginCarLoan3 -->
</testsuite> <!-- Default test -->
