<?xml version="1.0" encoding="UTF-8"?>
<testng-results ignored="0" total="7" passed="7" failed="0" skipped="0">
  <reporter-output>
  </reporter-output>
  <suite started-at="2023-12-12T20:54:03 EST" name="Default suite" finished-at="2023-12-12T20:54:03 EST" duration-ms="177">
    <groups>
      <group name="Smoke">
        <method signature="testDemo3.MobileloginCarLoan()[pri:0, instance:org.TestNgProjects.testDemo3@659499f1]" name="MobileloginCarLoan" class="org.TestNgProjects.testDemo3"/>
      </group> <!-- Smoke -->
    </groups>
    <test started-at="2023-12-12T20:54:03 EST" name="Default test" finished-at="2023-12-12T20:54:03 EST" duration-ms="177">
      <class name="org.TestNgProjects.testDemo3">
        <test-method is-config="true" signature="BFSuit()[pri:0, instance:org.TestNgProjects.testDemo3@659499f1]" started-at="2023-12-12T20:54:03 EST" name="BFSuit" finished-at="2023-12-12T20:54:03 EST" duration-ms="21" status="PASS">
          <reporter-output>
          </reporter-output>
        </test-method> <!-- BFSuit -->
        <test-method is-config="true" signature="BFClass()[pri:0, instance:org.TestNgProjects.testDemo3@659499f1]" started-at="2023-12-12T20:54:03 EST" name="BFClass" finished-at="2023-12-12T20:54:03 EST" duration-ms="1" status="PASS">
          <reporter-output>
          </reporter-output>
        </test-method> <!-- BFClass -->
        <test-method is-config="true" signature="BFMethod()[pri:0, instance:org.TestNgProjects.testDemo3@659499f1]" started-at="2023-12-12T20:54:03 EST" name="BFMethod" finished-at="2023-12-12T20:54:03 EST" duration-ms="0" status="PASS">
          <reporter-output>
          </reporter-output>
        </test-method> <!-- BFMethod -->
        <test-method signature="WebloginCarLoan()[pri:0, instance:org.TestNgProjects.testDemo3@659499f1]" started-at="2023-12-12T20:54:03 EST" name="WebloginCarLoan" finished-at="2023-12-12T20:54:03 EST" duration-ms="11" status="PASS">
          <reporter-output>
          </reporter-output>
        </test-method> <!-- WebloginCarLoan -->
        <test-method is-config="true" signature="AFMethod()[pri:0, instance:org.TestNgProjects.testDemo3@659499f1]" started-at="2023-12-12T20:54:03 EST" name="AFMethod" finished-at="2023-12-12T20:54:03 EST" duration-ms="1" status="PASS">
          <reporter-output>
          </reporter-output>
        </test-method> <!-- AFMethod -->
        <test-method is-config="true" signature="BFMethod()[pri:0, instance:org.TestNgProjects.testDemo3@659499f1]" started-at="2023-12-12T20:54:03 EST" name="BFMethod" finished-at="2023-12-12T20:54:03 EST" duration-ms="1" status="PASS">
          <reporter-output>
          </reporter-output>
        </test-method> <!-- BFMethod -->
        <test-method signature="WebloginCarLoan2(java.lang.String,java.lang.String)[pri:0, instance:org.TestNgProjects.testDemo3@659499f1]" started-at="2023-12-12T20:54:03 EST" name="WebloginCarLoan2" data-provider="getData" finished-at="2023-12-12T20:54:03 EST" duration-ms="4" status="PASS">
          <params>
            <param index="0">
              <value>
                <![CDATA[firstUsername]]>
              </value>
            </param>
            <param index="1">
              <value>
                <![CDATA[password1]]>
              </value>
            </param>
          </params>
          <reporter-output>
          </reporter-output>
        </test-method> <!-- WebloginCarLoan2 -->
        <test-method is-config="true" signature="AFMethod()[pri:0, instance:org.TestNgProjects.testDemo3@659499f1]" started-at="2023-12-12T20:54:03 EST" name="AFMethod" finished-at="2023-12-12T20:54:03 EST" duration-ms="2" status="PASS">
          <reporter-output>
          </reporter-output>
        </test-method> <!-- AFMethod -->
        <test-method is-config="true" signature="BFMethod()[pri:0, instance:org.TestNgProjects.testDemo3@659499f1]" started-at="2023-12-12T20:54:03 EST" name="BFMethod" finished-at="2023-12-12T20:54:03 EST" duration-ms="1" status="PASS">
          <reporter-output>
          </reporter-output>
        </test-method> <!-- BFMethod -->
        <test-method signature="WebloginCarLoan2(java.lang.String,java.lang.String)[pri:0, instance:org.TestNgProjects.testDemo3@659499f1]" started-at="2023-12-12T20:54:03 EST" name="WebloginCarLoan2" data-provider="getData" finished-at="2023-12-12T20:54:03 EST" duration-ms="3" status="PASS">
          <params>
            <param index="0">
              <value>
                <![CDATA[secondUsername]]>
              </value>
            </param>
            <param index="1">
              <value>
                <![CDATA[password2]]>
              </value>
            </param>
          </params>
          <reporter-output>
          </reporter-output>
        </test-method> <!-- WebloginCarLoan2 -->
        <test-method is-config="true" signature="AFMethod()[pri:0, instance:org.TestNgProjects.testDemo3@659499f1]" started-at="2023-12-12T20:54:03 EST" name="AFMethod" finished-at="2023-12-12T20:54:03 EST" duration-ms="1" status="PASS">
          <reporter-output>
          </reporter-output>
        </test-method> <!-- AFMethod -->
        <test-method is-config="true" signature="BFMethod()[pri:0, instance:org.TestNgProjects.testDemo3@659499f1]" started-at="2023-12-12T20:54:03 EST" name="BFMethod" finished-at="2023-12-12T20:54:03 EST" duration-ms="0" status="PASS">
          <reporter-output>
          </reporter-output>
        </test-method> <!-- BFMethod -->
        <test-method signature="WebloginCarLoan2(java.lang.String,java.lang.String)[pri:0, instance:org.TestNgProjects.testDemo3@659499f1]" started-at="2023-12-12T20:54:03 EST" name="WebloginCarLoan2" data-provider="getData" finished-at="2023-12-12T20:54:03 EST" duration-ms="4" status="PASS">
          <params>
            <param index="0">
              <value>
                <![CDATA[thirdUsername]]>
              </value>
            </param>
            <param index="1">
              <value>
                <![CDATA[password3]]>
              </value>
            </param>
          </params>
          <reporter-output>
          </reporter-output>
        </test-method> <!-- WebloginCarLoan2 -->
        <test-method is-config="true" signature="AFMethod()[pri:0, instance:org.TestNgProjects.testDemo3@659499f1]" started-at="2023-12-12T20:54:03 EST" name="AFMethod" finished-at="2023-12-12T20:54:03 EST" duration-ms="1" status="PASS">
          <reporter-output>
          </reporter-output>
        </test-method> <!-- AFMethod -->
        <test-method is-config="true" signature="BFMethod()[pri:0, instance:org.TestNgProjects.testDemo3@659499f1]" started-at="2023-12-12T20:54:03 EST" name="BFMethod" finished-at="2023-12-12T20:54:03 EST" duration-ms="1" status="PASS">
          <reporter-output>
          </reporter-output>
        </test-method> <!-- BFMethod -->
        <test-method signature="MobileloginCarLoan()[pri:0, instance:org.TestNgProjects.testDemo3@659499f1]" started-at="2023-12-12T20:54:03 EST" name="MobileloginCarLoan" finished-at="2023-12-12T20:54:03 EST" duration-ms="1" status="PASS">
          <reporter-output>
          </reporter-output>
        </test-method> <!-- MobileloginCarLoan -->
        <test-method is-config="true" signature="AFMethod()[pri:0, instance:org.TestNgProjects.testDemo3@659499f1]" started-at="2023-12-12T20:54:03 EST" name="AFMethod" finished-at="2023-12-12T20:54:03 EST" duration-ms="0" status="PASS">
          <reporter-output>
          </reporter-output>
        </test-method> <!-- AFMethod -->
        <test-method is-config="true" signature="BFMethod()[pri:0, instance:org.TestNgProjects.testDemo3@659499f1]" started-at="2023-12-12T20:54:03 EST" name="BFMethod" finished-at="2023-12-12T20:54:03 EST" duration-ms="1" status="PASS">
          <reporter-output>
          </reporter-output>
        </test-method> <!-- BFMethod -->
        <test-method signature="MobileloginCarLoan2()[pri:0, instance:org.TestNgProjects.testDemo3@659499f1]" started-at="2023-12-12T20:54:03 EST" name="MobileloginCarLoan2" finished-at="2023-12-12T20:54:03 EST" duration-ms="26" status="PASS">
          <reporter-output>
          </reporter-output>
        </test-method> <!-- MobileloginCarLoan2 -->
        <test-method is-config="true" signature="AFMethod()[pri:0, instance:org.TestNgProjects.testDemo3@659499f1]" started-at="2023-12-12T20:54:03 EST" name="AFMethod" finished-at="2023-12-12T20:54:03 EST" duration-ms="1" status="PASS">
          <reporter-output>
          </reporter-output>
        </test-method> <!-- AFMethod -->
        <test-method signature="LoginAPiCarLoan()[pri:0, instance:org.TestNgProjects.testDemo3@659499f1]" started-at="2023-12-12T20:54:03 EST" name="LoginAPiCarLoan" finished-at="2023-12-12T20:54:03 EST" depends-on-methods="org.TestNgProjects.testDemo3.WebloginCarLoan, org.TestNgProjects.testDemo3.WebloginCarLoan2" duration-ms="3" status="PASS">
          <reporter-output>
          </reporter-output>
        </test-method> <!-- LoginAPiCarLoan -->
        <test-method is-config="true" signature="BFMethod()[pri:0, instance:org.TestNgProjects.testDemo3@659499f1]" started-at="2023-12-12T20:54:03 EST" name="BFMethod" finished-at="2023-12-12T20:54:03 EST" duration-ms="0" status="PASS">
          <reporter-output>
          </reporter-output>
        </test-method> <!-- BFMethod -->
        <test-method is-config="true" signature="AFMethod()[pri:0, instance:org.TestNgProjects.testDemo3@659499f1]" started-at="2023-12-12T20:54:03 EST" name="AFMethod" finished-at="2023-12-12T20:54:03 EST" duration-ms="1" status="PASS">
          <reporter-output>
          </reporter-output>
        </test-method> <!-- AFMethod -->
        <test-method is-config="true" signature="AFClass()[pri:0, instance:org.TestNgProjects.testDemo3@659499f1]" started-at="2023-12-12T20:54:03 EST" name="AFClass" finished-at="2023-12-12T20:54:03 EST" duration-ms="0" status="PASS">
          <reporter-output>
          </reporter-output>
        </test-method> <!-- AFClass -->
      </class> <!-- org.TestNgProjects.testDemo3 -->
    </test> <!-- Default test -->
  </suite> <!-- Default suite -->
</testng-results>
