<?xml version="1.0" encoding="UTF-8"?>
<testng-results ignored="0" total="1" passed="1" failed="0" skipped="0">
  <reporter-output>
  </reporter-output>
  <suite started-at="2023-12-07T18:01:24 EST" name="Default suite" finished-at="2023-12-07T18:01:36 EST" duration-ms="11940">
    <groups>
    </groups>
    <test started-at="2023-12-07T18:01:24 EST" name="Default test" finished-at="2023-12-07T18:01:36 EST" duration-ms="11940">
      <class name="org.ExtentReportDemo.ExtentReportDemo">
        <test-method is-config="true" signature="config()[pri:0, instance:org.ExtentReportDemo.ExtentReportDemo@2df9b86]" started-at="2023-12-07T18:01:24 EST" name="config" finished-at="2023-12-07T18:01:24 EST" duration-ms="375" status="PASS">
          <reporter-output>
          </reporter-output>
        </test-method> <!-- config -->
        <test-method signature="initialDemo()[pri:0, instance:org.ExtentReportDemo.ExtentReportDemo@2df9b86]" started-at="2023-12-07T18:01:24 EST" name="initialDemo" finished-at="2023-12-07T18:01:36 EST" duration-ms="11506" status="PASS">
          <reporter-output>
          </reporter-output>
        </test-method> <!-- initialDemo -->
      </class> <!-- org.ExtentReportDemo.ExtentReportDemo -->
    </test> <!-- Default test -->
  </suite> <!-- Default suite -->
</testng-results>
